0 silly argv {
0 silly argv   _: [ 'version' ],
0 silly argv   lernaVersion: '7.4.2',
0 silly argv   '$0': 'node_modules\\lerna\\dist\\cli.js'
0 silly argv }
1 notice cli v7.4.2
2 verbose packageConfigs Explicit "packages" configuration found in lerna.json. Resolving packages using the configured glob(s): ["packages/*"]
3 verbose rootPath D:\Workspace\autosave-chrome-extensions
4 info current version 1.0.0
5 silly isAnythingCommitted
6 verbose isAnythingCommitted 1
7 silly getCurrentBranch
8 verbose currentBranch dev
9 silly remoteBranchExists
10 silly isBehindUpstream
11 error Error: Command failed with exit code 1: git remote update
11 error ssh: connect to host github.com port 22: Connection timed out
11 error fatal: Could not read from remote repository.
11 error
11 error Please make sure you have the correct access rights
11 error and the repository exists.
11 error     at makeError (D:\Workspace\autosave-chrome-extensions\node_modules\execa\lib\error.js:60:11)
11 error     at module.exports.sync (D:\Workspace\autosave-chrome-extensions\node_modules\execa\index.js:194:17)
11 error     at Object.execSync (D:\Workspace\autosave-chrome-extensions\node_modules\@lerna\child-process\index.js:39:16)
11 error     at updateRemote (D:\Workspace\autosave-chrome-extensions\node_modules\lerna\dist\index.js:7617:18)
11 error     at isBehindUpstream (D:\Workspace\autosave-chrome-extensions\node_modules\lerna\dist\index.js:7607:3)
11 error     at VersionCommand.initialize (D:\Workspace\autosave-chrome-extensions\node_modules\lerna\dist\index.js:7914:57)
